# JRE version: Java(TM) SE Runtime Environment (16.0.2+7) (build 16.0.2+7-67)
# Java VM: Java HotSpot(TM) 64-Bit Server VM (16.0.2+7-67, mixed mode, sharing, tiered, compressed oops, compressed class ptrs, g1 gc, windows-amd64)
GC Precious Log:
 CPUs: 4 total, 4 available
 Memory: 8079M
 Large Page Support: Disabled
 NUMA Support: Disabled
 Compressed Oops: Enabled (32-bit)
 Heap Region Size: 1M
 Heap Min Capacity: 8M
 Heap Initial Capacity: 128M
 Heap Max Capacity: 2020M
 Pre-touch: Disabled
 Parallel Workers: 4
 Concurrent Workers: 1
 Concurrent Refinement Workers: 4
 Periodic GC: Disabled
Heap:
 garbage-first heap   total 48128K, used 30812K [0x0000000081c00000, 0x0000000100000000)
  region size 1024K, 22 young (22528K), 2 survivors (2048K)
 Metaspace       used 25818K, committed 26048K, reserved 1073152K
  class space    used 2259K, committed 2368K, reserved 1048576K
GC Heap History (18 events):
Event: 1.378 GC heap before
{Heap before GC invocations=0 (full 0):
 garbage-first heap   total 131072K, used 13312K [0x0000000081c00000, 0x0000000100000000)
  region size 1024K, 13 young (13312K), 0 survivors (0K)
 Metaspace       used 4526K, committed 4672K, reserved 1056768K
  class space    used 439K, committed 512K, reserved 1048576K
}
Event: 1.384 GC heap after
{Heap after GC invocations=1 (full 0):
 garbage-first heap   total 131072K, used 3631K [0x0000000081c00000, 0x0000000100000000)
  region size 1024K, 2 young (2048K), 2 survivors (2048K)
 Metaspace       used 4526K, committed 4672K, reserved 1056768K
  class space    used 439K, committed 512K, reserved 1048576K
}
Event: 2.138 GC heap before
{Heap before GC invocations=1 (full 0):
 garbage-first heap   total 131072K, used 11823K [0x0000000081c00000, 0x0000000100000000)
  region size 1024K, 11 young (11264K), 2 survivors (2048K)
 Metaspace       used 7926K, committed 8128K, reserved 1056768K
  class space    used 798K, committed 896K, reserved 1048576K
}
Event: 2.142 GC heap after
{Heap after GC invocations=2 (full 0):
 garbage-first heap   total 131072K, used 5088K [0x0000000081c00000, 0x0000000100000000)
  region size 1024K, 2 young (2048K), 2 survivors (2048K)
 Metaspace       used 7926K, committed 8128K, reserved 1056768K
  class space    used 798K, committed 896K, reserved 1048576K
}
Event: 3.987 GC heap before
{Heap before GC invocations=2 (full 0):
 garbage-first heap   total 131072K, used 29664K [0x0000000081c00000, 0x0000000100000000)
  region size 1024K, 26 young (26624K), 2 survivors (2048K)
 Metaspace       used 11712K, committed 11968K, reserved 1064960K
  class space    used 1181K, committed 1280K, reserved 1048576K
}
Event: 3.992 GC heap after
{Heap after GC invocations=3 (full 0):
 garbage-first heap   total 131072K, used 7494K [0x0000000081c00000, 0x0000000100000000)
  region size 1024K, 4 young (4096K), 4 survivors (4096K)
 Metaspace       used 11712K, committed 11968K, reserved 1064960K
  class space    used 1181K, committed 1280K, reserved 1048576K
}
Event: 2444.757 GC heap before
{Heap before GC invocations=3 (full 0):
 garbage-first heap   total 131072K, used 80198K [0x0000000081c00000, 0x0000000100000000)
  region size 1024K, 76 young (77824K), 4 survivors (4096K)
 Metaspace       used 19623K, committed 19904K, reserved 1073152K
  class space    used 1798K, committed 1920K, reserved 1048576K
}
Event: 2444.765 GC heap after
{Heap after GC invocations=4 (full 0):
 garbage-first heap   total 131072K, used 11088K [0x0000000081c00000, 0x0000000100000000)
  region size 1024K, 8 young (8192K), 8 survivors (8192K)
 Metaspace       used 19623K, committed 19904K, reserved 1073152K
  class space    used 1798K, committed 1920K, reserved 1048576K
}
Event: 2444.901 GC heap before
{Heap before GC invocations=4 (full 0):
 garbage-first heap   total 131072K, used 14160K [0x0000000081c00000, 0x0000000100000000)
  region size 1024K, 13 young (13312K), 8 survivors (8192K)
 Metaspace       used 20982K, committed 21248K, reserved 1073152K
  class space    used 1890K, committed 2048K, reserved 1048576K
}
Event: 2444.907 GC heap after
{Heap after GC invocations=5 (full 0):
 garbage-first heap   total 131072K, used 11687K [0x0000000081c00000, 0x0000000100000000)
  region size 1024K, 5 young (5120K), 5 survivors (5120K)
 Metaspace       used 20982K, committed 21248K, reserved 1073152K
  class space    used 1890K, committed 2048K, reserved 1048576K
}
Event: 2445.228 GC heap before
{Heap before GC invocations=6 (full 0):
 garbage-first heap   total 48128K, used 34215K [0x0000000081c00000, 0x0000000100000000)
  region size 1024K, 28 young (28672K), 5 survivors (5120K)
 Metaspace       used 22236K, committed 22528K, reserved 1073152K
  class space    used 2020K, committed 2176K, reserved 1048576K
}
Event: 2445.233 GC heap after
{Heap after GC invocations=7 (full 0):
 garbage-first heap   total 48128K, used 12402K [0x0000000081c00000, 0x0000000100000000)
  region size 1024K, 2 young (2048K), 2 survivors (2048K)
 Metaspace       used 22236K, committed 22528K, reserved 1073152K
  class space    used 2020K, committed 2176K, reserved 1048576K
}
Event: 2445.337 GC heap before
{Heap before GC invocations=7 (full 0):
 garbage-first heap   total 48128K, used 33906K [0x0000000081c00000, 0x0000000100000000)
  region size 1024K, 24 young (24576K), 2 survivors (2048K)
 Metaspace       used 22315K, committed 22592K, reserved 1073152K
  class space    used 2020K, committed 2176K, reserved 1048576K
}
Event: 2445.338 GC heap after
{Heap after GC invocations=8 (full 0):
 garbage-first heap   total 48128K, used 11472K [0x0000000081c00000, 0x0000000100000000)
  region size 1024K, 1 young (1024K), 1 survivors (1024K)
 Metaspace       used 22315K, committed 22592K, reserved 1073152K
  class space    used 2020K, committed 2176K, reserved 1048576K
}
Event: 2445.430 GC heap before
{Heap before GC invocations=8 (full 0):
 garbage-first heap   total 48128K, used 35024K [0x0000000081c00000, 0x0000000100000000)
  region size 1024K, 25 young (25600K), 1 survivors (1024K)
 Metaspace       used 22346K, committed 22592K, reserved 1073152K
  class space    used 2020K, committed 2176K, reserved 1048576K
}
Event: 2445.432 GC heap after
{Heap after GC invocations=9 (full 0):
 garbage-first heap   total 48128K, used 12301K [0x0000000081c00000, 0x0000000100000000)
  region size 1024K, 2 young (2048K), 2 survivors (2048K)
 Metaspace       used 22346K, committed 22592K, reserved 1073152K
  class space    used 2020K, committed 2176K, reserved 1048576K
}
Event: 2468.349 GC heap before
{Heap before GC invocations=9 (full 0):
 garbage-first heap   total 48128K, used 35853K [0x0000000081c00000, 0x0000000100000000)
  region size 1024K, 25 young (25600K), 2 survivors (2048K)
 Metaspace       used 25369K, committed 25664K, reserved 1073152K
  class space    used 2255K, committed 2368K, reserved 1048576K
}
Event: 2468.351 GC heap after
{Heap after GC invocations=10 (full 0):
 garbage-first heap   total 48128K, used 12380K [0x0000000081c00000, 0x0000000100000000)
  region size 1024K, 2 young (2048K), 2 survivors (2048K)
 Metaspace       used 25369K, committed 25664K, reserved 1073152K
  class space    used 2255K, committed 2368K, reserved 1048576K
}

